{
  "RSpec": {
    "coverage": {
      "/Users/tonirib/turing/projects/3-mod/apicurious/app/models/badge.rb": [
        1,
        1,
        null,
        1,
        64,
        64,
        64,
        64,
        64,
        null,
        null
      ],
      "/Users/tonirib/turing/projects/3-mod/apicurious/app/models/daily_activity.rb": [
        1,
        1,
        null,
        1,
        29,
        29,
        29,
        29,
        null,
        null
      ],
      "/Users/tonirib/turing/projects/3-mod/apicurious/app/models/daily_goals.rb": [
        1,
        1,
        null,
        1,
        15,
        15,
        15,
        null,
        null
      ],
      "/Users/tonirib/turing/projects/3-mod/apicurious/app/models/friend.rb": [
        1,
        1,
        null,
        1,
        53,
        53,
        53,
        53,
        null,
        null,
        1,
        28,
        null,
        null
      ],
      "/Users/tonirib/turing/projects/3-mod/apicurious/app/models/heartrate.rb": [
        1,
        1,
        null,
        1,
        75,
        75,
        null,
        null
      ],
      "/Users/tonirib/turing/projects/3-mod/apicurious/app/models/last_nights_sleep.rb": [
        1,
        1,
        null,
        null,
        1,
        null,
        20,
        20,
        20,
        20,
        20,
        20,
        20,
        null,
        null,
        1,
        6,
        null,
        null,
        1,
        3,
        null,
        null,
        1,
        4,
        null,
        null,
        1,
        3,
        null,
        null,
        1,
        3,
        null,
        null,
        1,
        2,
        2,
        2,
        2,
        2,
        null,
        null,
        null,
        null,
        null,
        null,
        null,
        1,
        null,
        1,
        820,
        342,
        476,
        2,
        null,
        null,
        null,
        1,
        820,
        342,
        476,
        2,
        null,
        null,
        null,
        1,
        2,
        null,
        null,
        null,
        null,
        820,
        null,
        null,
        null,
        1,
        342,
        null,
        null,
        1,
        476,
        null,
        null,
        1,
        2,
        null,
        null
      ],
      "/Users/tonirib/turing/projects/3-mod/apicurious/app/models/sleep.rb": [
        1,
        1,
        null,
        1,
        43,
        43,
        43,
        43,
        null,
        null,
        1,
        16,
        null,
        null,
        1,
        15,
        null,
        null,
        1,
        15,
        null,
        null,
        1,
        null,
        1,
        30,
        30,
        30,
        null,
        null
      ],
      "/Users/tonirib/turing/projects/3-mod/apicurious/app/models/user_data.rb": [
        1,
        1,
        null,
        null,
        1,
        null,
        14,
        14,
        14,
        14,
        14,
        14,
        14,
        14,
        null,
        null,
        1,
        64,
        null,
        null,
        1,
        4,
        57,
        null,
        1,
        null,
        null,
        null,
        1,
        1,
        null,
        null,
        1,
        3,
        null,
        null,
        1,
        58,
        16,
        null,
        null,
        1,
        5,
        null,
        null,
        1,
        3,
        null,
        null,
        1,
        4,
        null,
        null,
        1,
        12,
        12,
        12,
        null,
        null,
        1,
        2,
        2,
        2,
        2,
        2,
        2,
        2,
        2,
        null,
        null,
        null,
        null,
        1,
        2,
        2,
        2,
        2,
        2,
        2,
        2,
        2,
        null,
        null,
        null,
        null,
        1,
        2,
        2,
        2,
        2,
        2,
        2,
        2,
        2,
        null,
        null,
        null,
        null,
        1,
        2,
        2,
        null,
        null,
        2,
        2,
        null,
        null,
        2,
        2,
        2,
        null,
        null,
        null,
        1,
        null,
        1,
        18,
        null,
        null,
        1,
        45,
        7,
        null,
        null,
        1,
        2,
        null,
        null,
        1,
        34,
        6,
        null,
        null,
        1,
        2,
        null,
        null,
        1,
        31,
        5,
        null,
        null,
        1,
        2,
        null,
        null,
        1,
        6,
        null,
        null,
        1,
        54,
        null,
        null
      ],
      "/Users/tonirib/turing/projects/3-mod/apicurious/app/models/user.rb": [
        1,
        1,
        1,
        null,
        1,
        2,
        null,
        2,
        2,
        2,
        2,
        null,
        2,
        null,
        2,
        null,
        null
      ],
      "/Users/tonirib/turing/projects/3-mod/apicurious/app/models/weekly_goals.rb": [
        1,
        1,
        null,
        1,
        16,
        16,
        16,
        null,
        null,
        1,
        3,
        null,
        null
      ],
      "/Users/tonirib/turing/projects/3-mod/apicurious/app/controllers/welcome_controller.rb": [
        1,
        1,
        null,
        null
      ],
      "/Users/tonirib/turing/projects/3-mod/apicurious/app/controllers/application_controller.rb": [
        1,
        null,
        null,
        1,
        1,
        null,
        1,
        4,
        null,
        null
      ],
      "/Users/tonirib/turing/projects/3-mod/apicurious/app/controllers/sessions_controller.rb": [
        1,
        1,
        2,
        null,
        2,
        2,
        2,
        null,
        0,
        null,
        null,
        null,
        1,
        1,
        1,
        null,
        null,
        1,
        null,
        1,
        2,
        null,
        null
      ],
      "/Users/tonirib/turing/projects/3-mod/apicurious/app/controllers/dashboard_controller.rb": [
        1,
        1,
        2,
        null,
        null
      ],
      "/Users/tonirib/turing/projects/3-mod/apicurious/app/services/fitbit_service.rb": [
        1,
        1,
        null,
        1,
        2,
        2,
        2,
        null,
        null,
        null,
        1,
        2,
        null,
        2,
        null,
        null,
        null,
        null,
        null,
        null,
        null,
        null,
        2,
        null,
        2,
        null,
        null,
        1,
        null,
        1,
        30,
        30,
        30,
        null,
        null,
        30,
        null,
        null,
        1,
        2,
        null,
        null,
        1,
        2,
        12,
        12,
        null,
        null,
        null,
        null,
        null,
        null,
        1,
        2,
        null,
        null,
        null,
        null,
        1,
        2,
        null,
        null,
        null,
        null,
        1,
        16,
        14,
        2,
        null,
        null,
        1,
        2,
        2,
        2,
        null,
        2,
        null,
        null,
        null,
        null,
        null,
        1,
        28,
        null,
        null,
        null,
        null,
        null,
        1,
        2,
        14,
        null,
        null,
        null,
        null,
        null,
        null,
        1,
        2,
        60,
        null,
        null,
        2,
        52,
        null,
        null,
        null,
        null,
        1,
        2,
        2,
        null,
        null,
        null,
        null,
        null,
        null,
        null,
        null,
        null,
        1,
        2,
        50,
        null,
        null,
        null,
        null,
        null,
        null,
        null
      ]
    },
    "timestamp": 1455905494
  }
}
